[      87ms] [ERROR] Failed to load resource: the server responded with a status of 504 (Outdated Optimize Dep) @ http://localhost:4321/@id/astro/runtime/client/dev-toolbar/entrypoint.js:0
[ 3712325ms] [ERROR] Failed to load resource: the server responded with a status of 504 (Outdated Optimize Dep) @ http://localhost:4321/@id/astro/runtime/client/dev-toolbar/entrypoint.js:0
[ 3713253ms] [LOG] [vite] server connection lost. Polling for restart... @ http://localhost:4321/@vite/client:1596
[ 3714987ms] [ERROR] Failed to load resource: the server responded with a status of 504 (Outdated Optimize Dep) @ http://localhost:4321/@id/astro/runtime/client/dev-toolbar/entrypoint.js:0
[ 3714990ms] [ERROR] Failed to load resource: the server responded with a status of 504 (Outdated Optimize Dep) @ http://localhost:4321/node_modules/.vite/deps/bootstrap_dist_js_bootstrap__bundle__min__js.js?v=7a4668f9:0
[ 3715594ms] [ERROR] Failed to load resource: the server responded with a status of 504 (Outdated Optimize Dep) @ http://localhost:4321/@id/astro/runtime/client/dev-toolbar/entrypoint.js:0
[ 3715663ms] [ERROR] Failed to load resource: the server responded with a status of 504 (Outdated Optimize Dep) @ http://localhost:4321/node_modules/.vite/deps/bootstrap_dist_js_bootstrap__bundle__min__js.js?v=7a4668f9:0
[ 3716155ms] [ERROR] Failed to load resource: the server responded with a status of 504 (Outdated Optimize Dep) @ http://localhost:4321/@id/astro/runtime/client/dev-toolbar/entrypoint.js:0
[ 3725468ms] [ERROR] Failed to load resource: the server responded with a status of 504 (Outdated Optimize Dep) @ http://localhost:4321/@id/astro/runtime/client/dev-toolbar/entrypoint.js:0
[ 3726164ms] [ERROR] Failed to load resource: the server responded with a status of 504 (Outdated Optimize Dep) @ http://localhost:4321/@id/astro/runtime/client/dev-toolbar/entrypoint.js:0
[ 3726960ms] [LOG] [vite] server connection lost. Polling for restart... @ http://localhost:4321/@vite/client:1596
[ 4852579ms] [LOG] [vite] server connection lost. Polling for restart... @ http://localhost:4321/@vite/client:1596
[ 4854361ms] [ERROR] %cAstro background: linear-gradient(66.77deg, #D83333 0%, #F041FF 100%); color: white; padding-inline: 4px; border-radius: 2px; font-family: monospace; Error while running audit's match function: TypeError: Failed to fetch @ http://localhost:4321/node_modules/.vite/deps/chunk-LEX3GG7N.js?v=d2a1dea5:22
[ 7372747ms] [ERROR] Failed to load resource: the server responded with a status of 500 (Internal Server Error) @ http://localhost:4321/src/layouts/Layout.astro?astro&type=script&index=0&lang.ts:0
[ 7375173ms] [ERROR] Failed to load resource: the server responded with a status of 500 (Internal Server Error) @ http://localhost:4321/src/layouts/Layout.astro?astro&type=script&index=0&lang.ts:0
[ 7378398ms] [ERROR] Failed to load resource: the server responded with a status of 500 (Internal Server Error) @ http://localhost:4321/src/layouts/Layout.astro?astro&type=script&index=0&lang.ts:0
[ 7380850ms] [ERROR] Failed to load resource: the server responded with a status of 500 (Internal Server Error) @ http://localhost:4321/src/layouts/Layout.astro?astro&type=script&index=0&lang.ts:0
[ 7389556ms] [ERROR] Failed to load resource: the server responded with a status of 500 (Internal Server Error) @ http://localhost:4321/src/layouts/Layout.astro?astro&type=script&index=0&lang.ts:0
[ 7389955ms] [ERROR] Failed to load resource: the server responded with a status of 500 (Internal Server Error) @ http://localhost:4321/src/layouts/Layout.astro?astro&type=script&index=0&lang.ts:0
[ 7391566ms] [ERROR] Failed to load resource: the server responded with a status of 500 (Internal Server Error) @ http://localhost:4321/src/layouts/Layout.astro?astro&type=script&index=0&lang.ts:0
